<?xml version="1.0" encoding="UTF-8"?>
<!-- Generated by org.testng.reporters.JUnitReportReporter -->
<testsuite hostname="Mayuri-Dasri14" failures="0" tests="1" name="POMDemo.Login" time="4.540" errors="0" timestamp="2024-05-30T13:08:58 IST" skipped="0">
  <testcase classname="POMDemo.Login" name="login" time="4.540"/>
</testsuite> <!-- POMDemo.Login -->
