<?xml version="1.0" encoding="UTF-8"?>
<!-- Generated by org.testng.reporters.JUnitReportReporter -->
<testsuite hostname="Mayuri-Dasri14" failures="0" tests="1" name="TestPackage.Login" time="3.285" errors="0" timestamp="2024-05-25T19:49:51 IST" skipped="0">
  <testcase classname="TestPackage.Login" name="loginWithValidCredentials" time="3.285"/>
</testsuite> <!-- TestPackage.Login -->
