<?xml version="1.0" encoding="UTF-8"?>
<!-- Generated by org.testng.reporters.JUnitReportReporter -->
<testsuite hostname="Mayuri-Dasri14" failures="0" tests="5" name="PropertiesFileConcepts.Login" time="20.414" errors="0" timestamp="2024-05-28T15:03:55 IST" skipped="0">
  <testcase classname="PropertiesFileConcepts.Login" name="loginWithValidCredentials" time="5.209"/>
  <testcase classname="PropertiesFileConcepts.Login" name="loginWithInvalidCredentials" time="3.647"/>
  <testcase classname="PropertiesFileConcepts.Login" name="loginWithValidEmailAndInvalidPasswordCredentials" time="3.850"/>
  <testcase classname="PropertiesFileConcepts.Login" name="loginWithInvalidEmailAndValidPasswordCredentials" time="3.794"/>
  <testcase classname="PropertiesFileConcepts.Login" name="loginWithoutAnyCredentials" time="3.914"/>
</testsuite> <!-- PropertiesFileConcepts.Login -->
