<?xml version="1.0" encoding="UTF-8"?>
<!-- Generated by org.testng.reporters.JUnitReportReporter -->
<testsuite hostname="Mayuri-Dasri14" failures="0" tests="1" name="PropertiesFileConcepts.Register" time="5.914" errors="0" timestamp="2024-05-28T22:31:43 IST" skipped="0">
  <testcase classname="PropertiesFileConcepts.Register" name="registration" time="5.914"/>
</testsuite> <!-- PropertiesFileConcepts.Register -->
