<?xml version="1.0" encoding="UTF-8"?>
<!-- Generated by org.testng.reporters.JUnitReportReporter -->
<testsuite hostname="Mayuri-Dasri14" failures="0" tests="3" name="TestPackage.classOne" time="0.042" errors="0" timestamp="2024-05-25T19:49:51 IST" skipped="0">
  <testcase classname="TestPackage.classOne" name="methodOne" time="0.015"/>
  <testcase classname="TestPackage.classOne" name="methodThree" time="0.018"/>
  <testcase classname="TestPackage.classOne" name="methodTwo" time="0.009"/>
</testsuite> <!-- TestPackage.classOne -->
