<?xml version="1.0" encoding="UTF-8"?>
<!-- Generated by org.testng.reporters.JUnitReportReporter -->
<testsuite hostname="Mayuri-Dasri14" failures="0" tests="1" name="POMDemo.Register" time="10.986" errors="0" timestamp="2024-05-31T13:58:40 IST" skipped="0">
  <testcase classname="POMDemo.Register" name="register" time="10.986"/>
</testsuite> <!-- POMDemo.Register -->
